<?xml version="1.0" encoding="UTF-8"?>
<!-- Generated by org.testng.reporters.JUnitReportReporter -->
<testsuite hostname="DESKTOP-GJSAEHS" failures="0" tests="1" name="com.swaraj.testcases.TC6_CheckCarryFwTest" time="15.148" errors="0" timestamp="2025-01-10T16:59:31 IST" skipped="0">
  <testcase classname="com.swaraj.testcases.TC6_CheckCarryFwTest" name="CarryFW" time="15.148"/>
  <system-out/>
</testsuite> <!-- com.swaraj.testcases.TC6_CheckCarryFwTest -->
