<?xml version="1.0" encoding="UTF-8"?>
<!-- Generated by org.testng.reporters.JUnitReportReporter -->
<testsuite hostname="DESKTOP-GJSAEHS" failures="0" tests="1" name="com.swaraj.testcases.TC9_Tenant_ActionTest" time="23.624" errors="0" timestamp="2025-01-22T14:05:28 IST" skipped="0">
  <testcase classname="com.swaraj.testcases.TC9_Tenant_ActionTest" name="ACtionTenant" time="23.624"/>
  <system-out/>
</testsuite> <!-- com.swaraj.testcases.TC9_Tenant_ActionTest -->
