<?xml version="1.0" encoding="UTF-8"?>
<!-- Generated by org.testng.reporters.JUnitReportReporter -->
<testsuite hostname="DESKTOP-GJSAEHS" failures="0" tests="1" name="com.swaraj.testcases.TC1_WebsiteLoginTest" time="1.938" errors="0" timestamp="2024-12-21T15:25:51 IST" skipped="0">
  <testcase classname="com.swaraj.testcases.TC1_WebsiteLoginTest" name="VerifyLogin" time="1.938"/>
  <system-out/>
</testsuite> <!-- com.swaraj.testcases.TC1_WebsiteLoginTest -->
