<?xml version="1.0" encoding="UTF-8"?>
<!-- Generated by org.testng.reporters.JUnitReportReporter -->
<testsuite hostname="DESKTOP-GJSAEHS" failures="0" tests="1" name="com.swaraj.testcases.TC5_SmokeTest" time="68.605" errors="0" timestamp="2025-01-10T16:58:10 IST" skipped="0">
  <testcase classname="com.swaraj.testcases.TC5_SmokeTest" name="Smoke" time="68.605"/>
  <system-out/>
</testsuite> <!-- com.swaraj.testcases.TC5_SmokeTest -->
