<?xml version="1.0" encoding="UTF-8"?>
<!-- Generated by org.testng.reporters.JUnitReportReporter -->
<testsuite hostname="DESKTOP-GJSAEHS" failures="0" tests="1" name="com.swaraj.testcases.TC4_AddUserTest" time="22.380" errors="0" timestamp="2024-12-21T15:33:56 IST" skipped="0">
  <testcase classname="com.swaraj.testcases.TC4_AddUserTest" name="AddUser" time="22.380"/>
  <system-out/>
</testsuite> <!-- com.swaraj.testcases.TC4_AddUserTest -->
