<?xml version="1.0" encoding="UTF-8"?>
<!-- Generated by org.testng.reporters.JUnitReportReporter -->
<testsuite hostname="DESKTOP-GJSAEHS" failures="0" tests="1" name="com.swaraj.testcases.TC4_AddUserTest" time="17.940" errors="0" timestamp="2025-02-04T14:06:34 IST" skipped="0">
  <testcase classname="com.swaraj.testcases.TC4_AddUserTest" name="AddUser" time="17.940"/>
  <system-out/>
</testsuite> <!-- com.swaraj.testcases.TC4_AddUserTest -->
