<?xml version="1.0" encoding="UTF-8"?>
<!-- Generated by org.testng.reporters.JUnitReportReporter -->
<testsuite hostname="DESKTOP-GJSAEHS" failures="0" tests="1" name="com.swaraj.testcases.TC5_SmokeTest" time="69.551" errors="0" timestamp="2025-01-07T16:37:06 IST" skipped="0">
  <testcase classname="com.swaraj.testcases.TC5_SmokeTest" name="Smoke" time="69.551"/>
  <system-out/>
</testsuite> <!-- com.swaraj.testcases.TC5_SmokeTest -->
