<?xml version="1.0" encoding="UTF-8"?>
<!-- Generated by org.testng.reporters.JUnitReportReporter -->
<testsuite hostname="DESKTOP-GJSAEHS" failures="0" tests="1" name="com.swaraj.testcases.TC4_AddUserTest" time="18.440" errors="0" timestamp="2025-01-10T16:55:29 IST" skipped="0">
  <testcase classname="com.swaraj.testcases.TC4_AddUserTest" name="AddUser" time="18.440"/>
  <system-out/>
</testsuite> <!-- com.swaraj.testcases.TC4_AddUserTest -->
