<?xml version="1.0" encoding="UTF-8"?>
<!-- Generated by org.testng.reporters.JUnitReportReporter -->
<testsuite hostname="DESKTOP-GJSAEHS" failures="0" tests="1" name="com.swaraj.testcases.TC1_WebsiteLoginTest" time="2.592" errors="0" timestamp="2025-01-15T16:15:30 IST" skipped="0">
  <testcase classname="com.swaraj.testcases.TC1_WebsiteLoginTest" name="VerifyLogin" time="2.592"/>
  <system-out/>
</testsuite> <!-- com.swaraj.testcases.TC1_WebsiteLoginTest -->
