<?xml version="1.0" encoding="UTF-8"?>
<!-- Generated by org.testng.reporters.JUnitReportReporter -->
<testsuite hostname="DESKTOP-GJSAEHS" failures="0" tests="1" name="com.swaraj.testcases.TC8_AddUser_SuperAdminTest" time="26.004" errors="0" timestamp="2025-01-21T15:14:52 IST" skipped="0">
  <testcase classname="com.swaraj.testcases.TC8_AddUser_SuperAdminTest" name="AddUser_sprAdmin" time="26.004"/>
  <system-out/>
</testsuite> <!-- com.swaraj.testcases.TC8_AddUser_SuperAdminTest -->
