<?xml version="1.0" encoding="UTF-8"?>
<!-- Generated by org.testng.reporters.JUnitReportReporter -->
<testsuite hostname="DESKTOP-GJSAEHS" failures="0" tests="1" name="com.swaraj.testcases.TC3_AddTenantTest" time="75.019" errors="0" timestamp="2024-12-14T17:39:59 IST" skipped="0">
  <testcase classname="com.swaraj.testcases.TC3_AddTenantTest" name="AddTenant" time="75.019"/>
  <system-out/>
</testsuite> <!-- com.swaraj.testcases.TC3_AddTenantTest -->
