<?xml version="1.0" encoding="UTF-8"?>
<!-- Generated by org.testng.reporters.JUnitReportReporter -->
<testsuite hostname="DESKTOP-GJSAEHS" failures="0" tests="1" name="com.swaraj.testcases.TC3_AddTenantTest" time="11.067" errors="0" timestamp="2025-01-10T16:50:46 IST" skipped="0">
  <testcase classname="com.swaraj.testcases.TC3_AddTenantTest" name="AddTenant" time="11.067"/>
  <system-out/>
</testsuite> <!-- com.swaraj.testcases.TC3_AddTenantTest -->
