<?xml version="1.0" encoding="UTF-8"?>
<!-- Generated by org.testng.reporters.JUnitReportReporter -->
<testsuite hostname="DESKTOP-GJSAEHS" failures="0" tests="1" name="com.swaraj.testcases.TC3_AddTenantTest" time="11.826" errors="0" timestamp="2025-02-04T14:04:47 IST" skipped="0">
  <testcase classname="com.swaraj.testcases.TC3_AddTenantTest" name="AddTenant" time="11.826"/>
  <system-out/>
</testsuite> <!-- com.swaraj.testcases.TC3_AddTenantTest -->
