<?xml version="1.0" encoding="UTF-8"?>
<!-- Generated by org.testng.reporters.JUnitReportReporter -->
<testsuite hostname="DESKTOP-GJSAEHS" failures="0" tests="1" name="com.swaraj.testcases.TC3_AddTenantTest" time="19.743" errors="0" timestamp="2024-11-21T17:42:14 IST" skipped="0">
  <testcase classname="com.swaraj.testcases.TC3_AddTenantTest" name="LoginToApplication" time="19.743"/>
  <system-out/>
</testsuite> <!-- com.swaraj.testcases.TC3_AddTenantTest -->
