<?xml version="1.0" encoding="UTF-8"?>
<!-- Generated by org.testng.reporters.JUnitReportReporter -->
<testsuite hostname="DESKTOP-GJSAEHS" failures="0" tests="1" name="com.swaraj.testcases.TC7_Add_InstituteTest" time="19.182" errors="0" timestamp="2025-01-20T16:49:24 IST" skipped="0">
  <testcase classname="com.swaraj.testcases.TC7_Add_InstituteTest" name="Smoke" time="19.182"/>
  <system-out/>
</testsuite> <!-- com.swaraj.testcases.TC7_Add_InstituteTest -->
