<?xml version="1.0" encoding="UTF-8"?>
<!-- Generated by org.testng.reporters.JUnitReportReporter -->
<testsuite hostname="DESKTOP-GJSAEHS" failures="0" tests="1" name="com.swaraj.testcases.TC5_SmokeTest" time="32.482" errors="0" timestamp="2025-01-04T17:27:17 IST" skipped="0">
  <testcase classname="com.swaraj.testcases.TC5_SmokeTest" name="Smoke" time="32.482"/>
  <system-out/>
</testsuite> <!-- com.swaraj.testcases.TC5_SmokeTest -->
